This is pdfTeX, Version 3.141592653-2.6-1.40.22 (TeX Live 2021) (preloaded format=pdflatex 2021.5.13)  21 JUN 2021 13:09
entering extended mode
 restricted \write18 enabled.
 file:line:error style messages enabled.
 %&-line parsing enabled.
**dreamsound.tex
(./dreamsound.tex
LaTeX2e <2020-10-01> patch level 4
L3 programming layer <2021-02-18>
(/usr/local/texlive/2021basic/texmf-dist/tex/latex/base/article.cls
Document Class: article 2020/04/10 v1.4m Standard LaTeX document class
(/usr/local/texlive/2021basic/texmf-dist/tex/latex/base/size10.clo
File: size10.clo 2020/04/10 v1.4m Standard LaTeX file (size option)
)
\c@part=\count179
\c@section=\count180
\c@subsection=\count181
\c@subsubsection=\count182
\c@paragraph=\count183
\c@subparagraph=\count184
\c@figure=\count185
\c@table=\count186
\abovecaptionskip=\skip47
\belowcaptionskip=\skip48
\bibindent=\dimen138
)
(./icad2021.sty
\headrulewidth=\dimen139
\footrulewidth=\dimen140
\plainheadrulewidth=\dimen141
\plainfootrulewidth=\dimen142
\headwidth=\dimen143
)
(/usr/local/texlive/2021basic/texmf-dist/tex/latex/amsmath/amsmath.sty
Package: amsmath 2020/09/23 v2.17i AMS math features
\@mathmargin=\skip49

For additional information on amsmath, use the `?' option.
(/usr/local/texlive/2021basic/texmf-dist/tex/latex/amsmath/amstext.sty
Package: amstext 2000/06/29 v2.01 AMS text

(/usr/local/texlive/2021basic/texmf-dist/tex/latex/amsmath/amsgen.sty
File: amsgen.sty 1999/11/30 v2.0 generic functions
\@emptytoks=\toks15
\ex@=\dimen144
))
(/usr/local/texlive/2021basic/texmf-dist/tex/latex/amsmath/amsbsy.sty
Package: amsbsy 1999/11/29 v1.2d Bold Symbols
\pmbraise@=\dimen145
)
(/usr/local/texlive/2021basic/texmf-dist/tex/latex/amsmath/amsopn.sty
Package: amsopn 2016/03/08 v2.02 operator names
)
\inf@bad=\count187
LaTeX Info: Redefining \frac on input line 234.
\uproot@=\count188
\leftroot@=\count189
LaTeX Info: Redefining \overline on input line 399.
\classnum@=\count190
\DOTSCASE@=\count191
LaTeX Info: Redefining \ldots on input line 496.
LaTeX Info: Redefining \dots on input line 499.
LaTeX Info: Redefining \cdots on input line 620.
\Mathstrutbox@=\box47
\strutbox@=\box48
\big@size=\dimen146
LaTeX Font Info:    Redeclaring font encoding OML on input line 743.
LaTeX Font Info:    Redeclaring font encoding OMS on input line 744.
\macc@depth=\count192
\c@MaxMatrixCols=\count193
\dotsspace@=\muskip16
\c@parentequation=\count194
\dspbrk@lvl=\count195
\tag@help=\toks16
\row@=\count196
\column@=\count197
\maxfields@=\count198
\andhelp@=\toks17
\eqnshift@=\dimen147
\alignsep@=\dimen148
\tagshift@=\dimen149
\tagwidth@=\dimen150
\totwidth@=\dimen151
\lineht@=\dimen152
\@envbody=\toks18
\multlinegap=\skip50
\multlinetaggap=\skip51
\mathdisplay@stack=\toks19
LaTeX Info: Redefining \[ on input line 2923.
LaTeX Info: Redefining \] on input line 2924.
)
(/usr/local/texlive/2021basic/texmf-dist/tex/latex/graphics/epsfig.sty
Package: epsfig 2017/06/25 v1.7b (e)psfig emulation (SPQR)

(/usr/local/texlive/2021basic/texmf-dist/tex/latex/graphics/graphicx.sty
Package: graphicx 2020/09/09 v1.2b Enhanced LaTeX Graphics (DPC,SPQR)

(/usr/local/texlive/2021basic/texmf-dist/tex/latex/graphics/keyval.sty
Package: keyval 2014/10/28 v1.15 key=value parser (DPC)
\KV@toks@=\toks20
)
(/usr/local/texlive/2021basic/texmf-dist/tex/latex/graphics/graphics.sty
Package: graphics 2020/08/30 v1.4c Standard LaTeX Graphics (DPC,SPQR)

(/usr/local/texlive/2021basic/texmf-dist/tex/latex/graphics/trig.sty
Package: trig 2016/01/03 v1.10 sin cos tan (DPC)
)
(/usr/local/texlive/2021basic/texmf-dist/tex/latex/graphics-cfg/graphics.cfg
File: graphics.cfg 2016/06/04 v1.11 sample graphics configuration
)
Package graphics Info: Driver file: pdftex.def on input line 105.

(/usr/local/texlive/2021basic/texmf-dist/tex/latex/graphics-def/pdftex.def
File: pdftex.def 2020/10/05 v1.2a Graphics/color driver for pdftex
))
\Gin@req@height=\dimen153
\Gin@req@width=\dimen154
)
\epsfxsize=\dimen155
\epsfysize=\dimen156
)
(/usr/local/texlive/2021basic/texmf-dist/tex/latex/psnfss/times.sty
Package: times 2020/03/25 PSNFSS-v9.3 (SPQR) 
) (./url.sty
\Urlmuskip=\muskip17
Package: url 2006/04/12  ver 3.3  Verb mode for urls, etc.
) (/usr/local/texlive/2021basic/texmf-dist/tex/latex/hyperref/hyperref.sty
Package: hyperref 2021-02-27 v7.00k Hypertext links for LaTeX

(/usr/local/texlive/2021basic/texmf-dist/tex/generic/ltxcmds/ltxcmds.sty
Package: ltxcmds 2020-05-10 v1.25 LaTeX kernel commands for general use (HO)
)
(/usr/local/texlive/2021basic/texmf-dist/tex/generic/iftex/iftex.sty
Package: iftex 2020/03/06 v1.0d TeX engine tests
)
(/usr/local/texlive/2021basic/texmf-dist/tex/generic/pdftexcmds/pdftexcmds.sty
Package: pdftexcmds 2020-06-27 v0.33 Utility functions of pdfTeX for LuaTeX (HO
)

(/usr/local/texlive/2021basic/texmf-dist/tex/generic/infwarerr/infwarerr.sty
Package: infwarerr 2019/12/03 v1.5 Providing info/warning/error messages (HO)
)
Package pdftexcmds Info: \pdf@primitive is available.
Package pdftexcmds Info: \pdf@ifprimitive is available.
Package pdftexcmds Info: \pdfdraftmode found.
)
(/usr/local/texlive/2021basic/texmf-dist/tex/generic/kvsetkeys/kvsetkeys.sty
Package: kvsetkeys 2019/12/15 v1.18 Key value parser (HO)
)
(/usr/local/texlive/2021basic/texmf-dist/tex/generic/kvdefinekeys/kvdefinekeys.
sty
Package: kvdefinekeys 2019-12-19 v1.6 Define keys (HO)
)
(/usr/local/texlive/2021basic/texmf-dist/tex/generic/pdfescape/pdfescape.sty
Package: pdfescape 2019/12/09 v1.15 Implements pdfTeX's escape features (HO)
)
(/usr/local/texlive/2021basic/texmf-dist/tex/latex/hycolor/hycolor.sty
Package: hycolor 2020-01-27 v1.10 Color options for hyperref/bookmark (HO)
)
(/usr/local/texlive/2021basic/texmf-dist/tex/latex/letltxmacro/letltxmacro.sty
Package: letltxmacro 2019/12/03 v1.6 Let assignment for LaTeX macros (HO)
) (/usr/local/texlive/2021basic/texmf-dist/tex/latex/auxhook/auxhook.sty
Package: auxhook 2019-12-17 v1.6 Hooks for auxiliary files (HO)
)
(/usr/local/texlive/2021basic/texmf-dist/tex/latex/kvoptions/kvoptions.sty
Package: kvoptions 2020-10-07 v3.14 Key value format for package options (HO)
)
\@linkdim=\dimen157
\Hy@linkcounter=\count199
\Hy@pagecounter=\count266

(/usr/local/texlive/2021basic/texmf-dist/tex/latex/hyperref/pd1enc.def
File: pd1enc.def 2021-02-27 v7.00k Hyperref: PDFDocEncoding definition (HO)
Now handling font encoding PD1 ...
... no UTF-8 mapping file for font encoding PD1
)
(/usr/local/texlive/2021basic/texmf-dist/tex/latex/hyperref/hyperref-langpatche
s.def
File: hyperref-langpatches.def 2021-02-27 v7.00k Hyperref: patches for babel la
nguages
) (/usr/local/texlive/2021basic/texmf-dist/tex/generic/intcalc/intcalc.sty
Package: intcalc 2019/12/15 v1.3 Expandable calculations with integers (HO)
) (/usr/local/texlive/2021basic/texmf-dist/tex/generic/etexcmds/etexcmds.sty
Package: etexcmds 2019/12/15 v1.7 Avoid name clashes with e-TeX commands (HO)
)
\Hy@SavedSpaceFactor=\count267

(/usr/local/texlive/2021basic/texmf-dist/tex/latex/hyperref/puenc.def
File: puenc.def 2021-02-27 v7.00k Hyperref: PDF Unicode definition (HO)
Now handling font encoding PU ...
... no UTF-8 mapping file for font encoding PU
)
Package hyperref Info: Hyper figures OFF on input line 4192.
Package hyperref Info: Link nesting OFF on input line 4197.
Package hyperref Info: Hyper index ON on input line 4200.
Package hyperref Info: Plain pages OFF on input line 4207.
Package hyperref Info: Backreferencing OFF on input line 4212.
Package hyperref Info: Implicit mode ON; LaTeX internals redefined.
Package hyperref Info: Bookmarks ON on input line 4445.
\c@Hy@tempcnt=\count268
LaTeX Info: Redefining \url on input line 4804.
\XeTeXLinkMargin=\dimen158

(/usr/local/texlive/2021basic/texmf-dist/tex/generic/bitset/bitset.sty
Package: bitset 2019/12/09 v1.3 Handle bit-vector datatype (HO)

(/usr/local/texlive/2021basic/texmf-dist/tex/generic/bigintcalc/bigintcalc.sty
Package: bigintcalc 2019/12/15 v1.5 Expandable calculations on big integers (HO
)
))
\Fld@menulength=\count269
\Field@Width=\dimen159
\Fld@charsize=\dimen160
Package hyperref Info: Hyper figures OFF on input line 6075.
Package hyperref Info: Link nesting OFF on input line 6080.
Package hyperref Info: Hyper index ON on input line 6083.
Package hyperref Info: backreferencing OFF on input line 6090.
Package hyperref Info: Link coloring OFF on input line 6095.
Package hyperref Info: Link coloring with OCG OFF on input line 6100.
Package hyperref Info: PDF/A mode OFF on input line 6105.
LaTeX Info: Redefining \ref on input line 6145.
LaTeX Info: Redefining \pageref on input line 6149.
 (/usr/local/texlive/2021basic/texmf-dist/tex/latex/base/atbegshi-ltx.sty
Package: atbegshi-ltx 2020/08/17 v1.0a Emulation of the original atbegshi packa
ge
with kernel methods
)
\Hy@abspage=\count270
\c@Item=\count271
\c@Hfootnote=\count272
)
Package hyperref Info: Driver (autodetected): hpdftex.

(/usr/local/texlive/2021basic/texmf-dist/tex/latex/hyperref/hpdftex.def
File: hpdftex.def 2021-02-27 v7.00k Hyperref driver for pdfTeX

(/usr/local/texlive/2021basic/texmf-dist/tex/latex/base/atveryend-ltx.sty
Package: atveryend-ltx 2020/08/19 v1.0a Emulation of the original atvery packag
e
with kernel methods
)
\Fld@listcount=\count273
\c@bookmark@seq@number=\count274

(/usr/local/texlive/2021basic/texmf-dist/tex/latex/rerunfilecheck/rerunfilechec
k.sty
Package: rerunfilecheck 2019/12/05 v1.9 Rerun checks for auxiliary files (HO)

(/usr/local/texlive/2021basic/texmf-dist/tex/generic/uniquecounter/uniquecounte
r.sty
Package: uniquecounter 2019/12/15 v1.4 Provide unlimited unique counter (HO)
)
Package uniquecounter Info: New unique counter `rerunfilecheck' on input line 2
86.
)
\Hy@SectionHShift=\skip52
) (/usr/local/texlive/2021basic/texmf-dist/tex/latex/base/inputenc.sty
Package: inputenc 2020/08/01 v1.3d Input encoding file
\inpenc@prehook=\toks21
\inpenc@posthook=\toks22
)
(/usr/local/texlive/2021basic/texmf-dist/tex/latex/listings/listings.sty
\lst@mode=\count275
\lst@gtempboxa=\box49
\lst@token=\toks23
\lst@length=\count276
\lst@currlwidth=\dimen161
\lst@column=\count277
\lst@pos=\count278
\lst@lostspace=\dimen162
\lst@width=\dimen163
\lst@newlines=\count279
\lst@lineno=\count280
\lst@maxwidth=\dimen164

(/usr/local/texlive/2021basic/texmf-dist/tex/latex/listings/lstmisc.sty
File: lstmisc.sty 2020/03/24 1.8d (Carsten Heinz)
\c@lstnumber=\count281
\lst@skipnumbers=\count282
\lst@framebox=\box50
)
(/usr/local/texlive/2021basic/texmf-dist/tex/latex/listings/listings.cfg
File: listings.cfg 2020/03/24 1.8d listings configuration
))
Package: listings 2020/03/24 1.8d (Carsten Heinz)

(/usr/local/texlive/2021basic/texmf-dist/tex/latex/xcolor/xcolor.sty
Package: xcolor 2016/05/11 v2.12 LaTeX color extensions (UK)

(/usr/local/texlive/2021basic/texmf-dist/tex/latex/graphics-cfg/color.cfg
File: color.cfg 2016/01/02 v1.6 sample color configuration
)
Package xcolor Info: Driver file: pdftex.def on input line 225.
Package xcolor Info: Model `cmy' substituted by `cmy0' on input line 1348.
Package xcolor Info: Model `hsb' substituted by `rgb' on input line 1352.
Package xcolor Info: Model `RGB' extended on input line 1364.
Package xcolor Info: Model `HTML' substituted by `rgb' on input line 1366.
Package xcolor Info: Model `Hsb' substituted by `hsb' on input line 1367.
Package xcolor Info: Model `tHsb' substituted by `hsb' on input line 1368.
Package xcolor Info: Model `HSB' substituted by `hsb' on input line 1369.
Package xcolor Info: Model `Gray' substituted by `gray' on input line 1370.
Package xcolor Info: Model `wave' substituted by `hsb' on input line 1371.
)
(/usr/local/texlive/2021basic/texmf-dist/tex/latex/psnfss/courier.sty
Package: courier 2020/03/25 PSNFSS-v9.3 (WaS) 
)
(/usr/local/texlive/2021basic/texmf-dist/tex/latex/float/float.sty
Package: float 2001/11/08 v1.3d Float enhancements (AL)
\c@float@type=\count283
\float@exts=\toks24
\float@box=\box51
\@float@everytoks=\toks25
\@floatcapt=\box52
)
(/usr/local/texlive/2021basic/texmf-dist/tex/latex/biblatex/biblatex.sty
Package: biblatex 2020/12/31 v3.16 programmable bibliographies (PK/MW)

(/usr/local/texlive/2021basic/texmf-dist/tex/latex/etoolbox/etoolbox.sty
Package: etoolbox 2020/10/05 v2.5k e-TeX tools for LaTeX (JAW)
\etb@tempcnta=\count284
)
(/usr/local/texlive/2021basic/texmf-dist/tex/latex/logreq/logreq.sty
Package: logreq 2010/08/04 v1.0 xml request logger
\lrq@indent=\count285

(/usr/local/texlive/2021basic/texmf-dist/tex/latex/logreq/logreq.def
File: logreq.def 2010/08/04 v1.0 logreq spec v1.0
))
(/usr/local/texlive/2021basic/texmf-dist/tex/latex/base/ifthen.sty
Package: ifthen 2014/09/29 v1.1c Standard LaTeX ifthen package (DPC)
)
\c@tabx@nest=\count286
\c@listtotal=\count287
\c@listcount=\count288
\c@liststart=\count289
\c@liststop=\count290
\c@citecount=\count291
\c@citetotal=\count292
\c@multicitecount=\count293
\c@multicitetotal=\count294
\c@instcount=\count295
\c@maxnames=\count296
\c@minnames=\count297
\c@maxitems=\count298
\c@minitems=\count299
\c@citecounter=\count300
\c@maxcitecounter=\count301
\c@savedcitecounter=\count302
\c@uniquelist=\count303
\c@uniquename=\count304
\c@refsection=\count305
\c@refsegment=\count306
\c@maxextratitle=\count307
\c@maxextratitleyear=\count308
\c@maxextraname=\count309
\c@maxextradate=\count310
\c@maxextraalpha=\count311
\c@abbrvpenalty=\count312
\c@highnamepenalty=\count313
\c@lownamepenalty=\count314
\c@maxparens=\count315
\c@parenlevel=\count316
\blx@tempcnta=\count317
\blx@tempcntb=\count318
\blx@tempcntc=\count319
\blx@maxsection=\count320
\blx@maxsegment@0=\count321
\blx@notetype=\count322
\blx@parenlevel@text=\count323
\blx@parenlevel@foot=\count324
\blx@sectionciteorder@0=\count325
\blx@entrysetcounter=\count326
\blx@biblioinstance=\count327
\labelnumberwidth=\skip53
\labelalphawidth=\skip54
\biblabelsep=\skip55
\bibitemsep=\skip56
\bibnamesep=\skip57
\bibinitsep=\skip58
\bibparsep=\skip59
\bibhang=\skip60
\blx@bcfin=\read2
\blx@bcfout=\write3
\blx@langwohyphens=\language23
\c@mincomprange=\count328
\c@maxcomprange=\count329
\c@mincompwidth=\count330
Package biblatex Info: Trying to load biblatex default data model...
Package biblatex Info: ... file 'blx-dm.def' found.

(/usr/local/texlive/2021basic/texmf-dist/tex/latex/biblatex/blx-dm.def
File: blx-dm.def 2020/12/31 v3.16 biblatex localization (PK/MW)
)
Package biblatex Info: Trying to load biblatex custom data model...
Package biblatex Info: ... file 'biblatex-dm.cfg' not found.
\c@afterword=\count331
\c@savedafterword=\count332
\c@annotator=\count333
\c@savedannotator=\count334
\c@author=\count335
\c@savedauthor=\count336
\c@bookauthor=\count337
\c@savedbookauthor=\count338
\c@commentator=\count339
\c@savedcommentator=\count340
\c@editor=\count341
\c@savededitor=\count342
\c@editora=\count343
\c@savededitora=\count344
\c@editorb=\count345
\c@savededitorb=\count346
\c@editorc=\count347
\c@savededitorc=\count348
\c@foreword=\count349
\c@savedforeword=\count350
\c@holder=\count351
\c@savedholder=\count352
\c@introduction=\count353
\c@savedintroduction=\count354
\c@namea=\count355
\c@savednamea=\count356
\c@nameb=\count357
\c@savednameb=\count358
\c@namec=\count359
\c@savednamec=\count360
\c@translator=\count361
\c@savedtranslator=\count362
\c@shortauthor=\count363
\c@savedshortauthor=\count364
\c@shorteditor=\count365
\c@savedshorteditor=\count366
\c@labelname=\count367
\c@savedlabelname=\count368
\c@institution=\count369
\c@savedinstitution=\count370
\c@lista=\count371
\c@savedlista=\count372
\c@listb=\count373
\c@savedlistb=\count374
\c@listc=\count375
\c@savedlistc=\count376
\c@listd=\count377
\c@savedlistd=\count378
\c@liste=\count379
\c@savedliste=\count380
\c@listf=\count381
\c@savedlistf=\count382
\c@location=\count383
\c@savedlocation=\count384
\c@organization=\count385
\c@savedorganization=\count386
\c@origlocation=\count387
\c@savedoriglocation=\count388
\c@origpublisher=\count389
\c@savedorigpublisher=\count390
\c@publisher=\count391
\c@savedpublisher=\count392
\c@language=\count393
\c@savedlanguage=\count394
\c@origlanguage=\count395
\c@savedoriglanguage=\count396
\c@pageref=\count397
\c@savedpageref=\count398
\shorthandwidth=\skip61
\shortjournalwidth=\skip62
\shortserieswidth=\skip63
\shorttitlewidth=\skip64
\shortauthorwidth=\skip65
\shorteditorwidth=\skip66
\locallabelnumberwidth=\skip67
\locallabelalphawidth=\skip68
\localshorthandwidth=\skip69
\localshortjournalwidth=\skip70
\localshortserieswidth=\skip71
\localshorttitlewidth=\skip72
\localshortauthorwidth=\skip73
\localshorteditorwidth=\skip74
Package biblatex Info: Trying to load compatibility code...
Package biblatex Info: ... file 'blx-compat.def' found.

(/usr/local/texlive/2021basic/texmf-dist/tex/latex/biblatex/blx-compat.def
File: blx-compat.def 2020/12/31 v3.16 biblatex compatibility (PK/MW)
)
Package biblatex Info: Trying to load generic definitions...
Package biblatex Info: ... file 'biblatex.def' found.

(/usr/local/texlive/2021basic/texmf-dist/tex/latex/biblatex/biblatex.def
File: biblatex.def 2020/12/31 v3.16 biblatex compatibility (PK/MW)
\c@textcitecount=\count399
\c@textcitetotal=\count400
\c@textcitemaxnames=\count401
\c@biburlbigbreakpenalty=\count402
\c@biburlbreakpenalty=\count403
\c@biburlnumpenalty=\count404
\c@biburlucpenalty=\count405
\c@biburllcpenalty=\count406
\biburlbigskip=\muskip18
\biburlnumskip=\muskip19
\biburlucskip=\muskip20
\biburllcskip=\muskip21
\c@smartand=\count407
)
Package biblatex Info: Trying to load bibliography style 'numeric'...
Package biblatex Info: ... file 'numeric.bbx' found.

(/usr/local/texlive/2021basic/texmf-dist/tex/latex/biblatex/bbx/numeric.bbx
File: numeric.bbx 2020/12/31 v3.16 biblatex bibliography style (PK/MW)
Package biblatex Info: Trying to load bibliography style 'standard'...
Package biblatex Info: ... file 'standard.bbx' found.

(/usr/local/texlive/2021basic/texmf-dist/tex/latex/biblatex/bbx/standard.bbx
File: standard.bbx 2020/12/31 v3.16 biblatex bibliography style (PK/MW)
\c@bbx:relatedcount=\count408
\c@bbx:relatedtotal=\count409
))
Package biblatex Info: Trying to load citation style 'numeric'...
Package biblatex Info: ... file 'numeric.cbx' found.

(/usr/local/texlive/2021basic/texmf-dist/tex/latex/biblatex/cbx/numeric.cbx
File: numeric.cbx 2020/12/31 v3.16 biblatex citation style (PK/MW)
Package biblatex Info: Redefining '\cite'.
Package biblatex Info: Redefining '\parencite'.
Package biblatex Info: Redefining '\footcite'.
Package biblatex Info: Redefining '\footcitetext'.
Package biblatex Info: Redefining '\smartcite'.
Package biblatex Info: Redefining '\supercite'.
Package biblatex Info: Redefining '\textcite'.
Package biblatex Info: Redefining '\textcites'.
Package biblatex Info: Redefining '\cites'.
Package biblatex Info: Redefining '\parencites'.
Package biblatex Info: Redefining '\smartcites'.
)
Package biblatex Info: Trying to load configuration file...
Package biblatex Info: ... file 'biblatex.cfg' found.

(/usr/local/texlive/2021basic/texmf-dist/tex/latex/biblatex/biblatex.cfg
File: biblatex.cfg 
))
\@quotelevel=\count410
\@quotereset=\count411
LaTeX Font Info:    Trying to load font information for OT1+ptm on input line 3
4.

(/usr/local/texlive/2021basic/texmf-dist/tex/latex/psnfss/ot1ptm.fd
File: ot1ptm.fd 2001/06/04 font definitions for OT1/ptm.
)
(/usr/local/texlive/2021basic/texmf-dist/tex/latex/l3backend/l3backend-pdftex.d
ef
File: l3backend-pdftex.def 2021-03-18 L3 backend support: PDF output (pdfTeX)
\l__color_backend_stack_int=\count412
\l__pdf_internal_box=\box53
) (out/dreamsound.aux)
\openout1 = `dreamsound.aux'.

LaTeX Font Info:    Checking defaults for OML/cmm/m/it on input line 34.
LaTeX Font Info:    ... okay on input line 34.
LaTeX Font Info:    Checking defaults for OMS/cmsy/m/n on input line 34.
LaTeX Font Info:    ... okay on input line 34.
LaTeX Font Info:    Checking defaults for OT1/cmr/m/n on input line 34.
LaTeX Font Info:    ... okay on input line 34.
LaTeX Font Info:    Checking defaults for T1/cmr/m/n on input line 34.
LaTeX Font Info:    ... okay on input line 34.
LaTeX Font Info:    Checking defaults for TS1/cmr/m/n on input line 34.
LaTeX Font Info:    ... okay on input line 34.
LaTeX Font Info:    Checking defaults for OMX/cmex/m/n on input line 34.
LaTeX Font Info:    ... okay on input line 34.
LaTeX Font Info:    Checking defaults for U/cmr/m/n on input line 34.
LaTeX Font Info:    ... okay on input line 34.
LaTeX Font Info:    Checking defaults for PD1/pdf/m/n on input line 34.
LaTeX Font Info:    ... okay on input line 34.
LaTeX Font Info:    Checking defaults for PU/pdf/m/n on input line 34.
LaTeX Font Info:    ... okay on input line 34.

(/usr/local/texlive/2021basic/texmf-dist/tex/context/base/mkii/supp-pdf.mkii
[Loading MPS to PDF converter (version 2006.09.02).]
\scratchcounter=\count413
\scratchdimen=\dimen165
\scratchbox=\box54
\nofMPsegments=\count414
\nofMParguments=\count415
\everyMPshowfont=\toks26
\MPscratchCnt=\count416
\MPscratchDim=\dimen166
\MPnumerator=\count417
\makeMPintoPDFobject=\count418
\everyMPtoPDFconversion=\toks27
)
(/usr/local/texlive/2021basic/texmf-dist/tex/latex/epstopdf-pkg/epstopdf-base.s
ty
Package: epstopdf-base 2020-01-24 v2.11 Base part for package epstopdf
Package epstopdf-base Info: Redefining graphics rule for `.eps' on input line 4
85.

(/usr/local/texlive/2021basic/texmf-dist/tex/latex/latexconfig/epstopdf-sys.cfg
File: epstopdf-sys.cfg 2010/07/13 v1.3 Configuration of (r)epstopdf for TeX Liv
e
))
Package hyperref Info: Link coloring OFF on input line 34.
 (/usr/local/texlive/2021basic/texmf-dist/tex/latex/hyperref/nameref.sty
Package: nameref 2021-04-02 v2.47 Cross-referencing by name of section

(/usr/local/texlive/2021basic/texmf-dist/tex/latex/refcount/refcount.sty
Package: refcount 2019/12/15 v3.6 Data extraction from label references (HO)
)
(/usr/local/texlive/2021basic/texmf-dist/tex/generic/gettitlestring/gettitlestr
ing.sty
Package: gettitlestring 2019/12/15 v1.6 Cleanup title references (HO)
)
\c@section@level=\count419
)
LaTeX Info: Redefining \ref on input line 34.
LaTeX Info: Redefining \pageref on input line 34.
LaTeX Info: Redefining \nameref on input line 34.
 (out/dreamsound.out) (out/dreamsound.out)
\@outlinefile=\write4
\openout4 = `dreamsound.out'.

\c@lstlisting=\count420
Package biblatex Info: Trying to load language 'english'...
Package biblatex Info: ... file 'english.lbx' found.

(/usr/local/texlive/2021basic/texmf-dist/tex/latex/biblatex/lbx/english.lbx
File: english.lbx 2020/12/31 v3.16 biblatex localization (PK/MW)
)
Package biblatex Info: Input encoding 'utf8' detected.
Package biblatex Info: Automatic encoding selection.
(biblatex)             Assuming data encoding 'utf8'.
Package biblatex Info: Document encoding is UTF8 ....

(/usr/local/texlive/2021basic/texmf-dist/tex/latex/l3kernel/expl3.sty
Package: expl3 2021-02-18 L3 programming layer (loader) 
)
Package biblatex Info: ... and expl3
(biblatex)             2021-02-18 L3 programming layer (loader) 
(biblatex)             is new enough (at least 2020/04/06),
(biblatex)             setting 'casechanger=expl3'.

(/usr/local/texlive/2021basic/texmf-dist/tex/latex/biblatex/blx-case-expl3.sty
(/usr/local/texlive/2021basic/texmf-dist/tex/latex/l3packages/xparse/xparse.sty

(/usr/local/texlive/2021basic/texmf-dist/tex/latex/l3packages/xparse/xparse-202
0-10-01.sty
(/usr/local/texlive/2021basic/texmf-dist/tex/latex/l3packages/xparse/xparse-gen
eric.tex)))
Package: blx-case-expl3 2020/12/31 v3.16 expl3 case changing code for biblatex
)
\openout3 = `dreamsound.bcf'.

Package biblatex Info: Trying to load bibliographic data...
Package biblatex Info: ... file 'dreamsound.bbl' not found.

No file dreamsound.bbl.
Package biblatex Info: Reference section=0 on input line 34.
Package biblatex Info: Reference segment=0 on input line 34.
LaTeX Font Info:    Trying to load font information for OT1+pcr on input line 3
7.
(/usr/local/texlive/2021basic/texmf-dist/tex/latex/psnfss/ot1pcr.fd
File: ot1pcr.fd 2001/06/04 font definitions for OT1/pcr.
)
Overfull \hbox (12.00002pt too wide) in paragraph at lines 37--37
 [][] 
 []

<license-by-nc.pdf, id=52, 97.01155pt x 33.942pt>
File: license-by-nc.pdf Graphic file (type pdf)
<use license-by-nc.pdf>
Package pdftex.def Info: license-by-nc.pdf  used on input line 37.
(pdftex.def)             Requested size: 32.52756pt x 11.38092pt.

./dreamsound.tex:37: LaTeX Error: Command \DH unavailable in encoding OT1.

See the LaTeX manual or LaTeX Companion for explanation.
Type  H <return>  for immediate help.
 ...                                              
                                                  
l.37 
     
Your command was ignored.
Type  I <command> <return>  to replace it with another command,
or  <return>  to continue without it.


LaTeX Warning: Citation '2019Purwins' on page 1 undefined on input line 49.


LaTeX Warning: Citation 'Briot2017' on page 1 undefined on input line 49.


LaTeX Warning: Citation 'herremans2017proceedings' on page 1 undefined on input
 line 49.


LaTeX Warning: Citation 'choi2017tutorial' on page 1 undefined on input line 49
.


LaTeX Warning: Citation 'Bayle2017' on page 1 undefined on input line 49.


LaTeX Warning: Citation 'Koray2018' on page 1 undefined on input line 49.


LaTeX Warning: Citation 'yang2017midinet' on page 1 undefined on input line 49.



LaTeX Warning: Citation 'Briot2018AnET' on page 1 undefined on input line 49.


LaTeX Warning: Citation 'rachel_manzelli_2018_1492375' on page 1 undefined on i
nput line 49.


LaTeX Warning: Citation 'hao_wen_dong_2018_1492377' on page 1 undefined on inpu
t line 49.


LaTeX Warning: Citation 'mittal2021symbolic' on page 1 undefined on input line 
49.


LaTeX Warning: Citation 'MuseGanPapers' on page 1 undefined on input line 49.


Underfull \hbox (badness 3039) in paragraph at lines 49--49
\OT1/ptm/m/n/8 [[], [], [],
 []


LaTeX Warning: Citation '2015piczak' on page 1 undefined on input line 49.


LaTeX Warning: Citation '2017audioset' on page 1 undefined on input line 49.


LaTeX Warning: Citation 'engel2017neural' on page 1 undefined on input line 49.



LaTeX Warning: Citation 'sergio_oramas_2017_1417427' on page 1 undefined on inp
ut line 49.


LaTeX Warning: Citation 'harsh_verma_2019_3527866' on page 1 undefined on input
 line 49.


Underfull \hbox (badness 6825) in paragraph at lines 49--49
\OT1/ptm/m/n/8 it can be ar-gued that not all MIR prob-lems ben-e-fit from it
 []


LaTeX Warning: Citation 'Winters2019' on page 1 undefined on input line 51.


LaTeX Warning: Citation 'pmlr-v123-herrmann20a' on page 1 undefined on input li
ne 51.


LaTeX Warning: Citation 'oord2016wavenet' on page 1 undefined on input line 51.



LaTeX Warning: Citation 'mehri2017samplernn' on page 1 undefined on input line 
51.


LaTeX Warning: Citation 'kalchbrenner2018efficient' on page 1 undefined on inpu
t line 51.


LaTeX Warning: Citation 'oord2017parallel' on page 1 undefined on input line 51
.


LaTeX Warning: Citation 'lamtharn_hantrakul_2019_3527860' on page 1 undefined o
n input line 51.


LaTeX Warning: Citation 'yamamoto2020parallel' on page 1 undefined on input lin
e 51.


LaTeX Warning: Citation 'song2021improved' on page 1 undefined on input line 51
.


LaTeX Warning: Citation 'Bollepalli_2017' on page 1 undefined on input line 51.



LaTeX Warning: Citation '2017Kaneko' on page 1 undefined on input line 51.


LaTeX Warning: Citation 'pascual2017segan' on page 1 undefined on input line 51
.


LaTeX Warning: Citation 'donahue2018adversarial' on page 1 undefined on input l
ine 51.


LaTeX Warning: Citation '2019waveglow' on page 1 undefined on input line 51.


LaTeX Warning: Citation 'tian2020tfgan' on page 1 undefined on input line 51.


LaTeX Warning: Citation 'Liu_2020' on page 1 undefined on input line 51.


LaTeX Warning: Citation '2018Lee' on page 1 undefined on input line 51.


LaTeX Warning: Citation 'NEURIPS2019_6804c9bc' on page 1 undefined on input lin
e 51.


LaTeX Warning: Citation 'jang2021universal' on page 1 undefined on input line 5
1.


LaTeX Warning: Citation 'Chandna_2019' on page 1 undefined on input line 51.


LaTeX Warning: Citation 'tian2020tfgan' on page 1 undefined on input line 51.


LaTeX Warning: Citation 'javier_nistal_2020_4245504' on page 1 undefined on inp
ut line 51.


LaTeX Warning: Citation 'mustafa2021stylemelgan' on page 1 undefined on input l
ine 51.


Underfull \hbox (badness 2644) in paragraph at lines 51--51
[][][]\OT1/ptm/m/n/8 Multiple vari-ants to the orig-i-nal Wave-GAN have ap-pear
ed in
 []


Underfull \hbox (badness 10000) in paragraph at lines 51--51
\OT1/ptm/m/n/8 GAN [[], []], WGANS-
 []


Underfull \hbox (badness 10000) in paragraph at lines 51--51
\OT1/ptm/m/n/8 ing [[]], TF-GAN [[]], DRUM-GAN
 []


Underfull \hbox (badness 1688) in paragraph at lines 51--52
\OT1/ptm/m/n/9 fi-ca-tion [[], []], and more
 []


Underfull \hbox (badness 3199) in paragraph at lines 51--52
\OT1/ptm/m/n/9 first with the deep con-vo-lu-tional neu-ral net-work WaveNet
 []


Underfull \hbox (badness 10000) in paragraph at lines 51--52
\OT1/ptm/m/n/9 (RNN) [[], []].
 []


Underfull \hbox (badness 4366) in paragraph at lines 51--52
\OT1/ptm/m/n/9 Their heavy com-pu-ta-tional re-quire-ments were a dis-ad-van-
 []


Underfull \hbox (badness 1515) in paragraph at lines 51--52
\OT1/ptm/m/n/9 tage for both train-ing and per-for-mance. Fur-ther op-ti-miza-
 []


Underfull \hbox (badness 1270) in paragraph at lines 51--52
\OT1/ptm/m/n/9 tions with par-al-lel com-pu-ta-tions emerged [[],
 []


Underfull \hbox (badness 10000) in paragraph at lines 51--52
[]\OT1/ptm/m/n/9 , [],
 []


Underfull \hbox (badness 3849) in paragraph at lines 51--52
[]\OT1/ptm/m/n/9 ], but it was not un-til Gen-er-a-tive Ad-
 []


Underfull \hbox (badness 2662) in paragraph at lines 51--52
\OT1/ptm/m/n/9 ver-sar-ial Net-works (GANs) that mu-sic ben-e-fited from raw
 []


Underfull \hbox (badness 3623) in paragraph at lines 51--52
\OT1/ptm/m/n/9 au-dio syn-the-sized with DL [[], [],
 []


Underfull \hbox (badness 1490) in paragraph at lines 51--52
[]\OT1/ptm/m/n/9 , [], [],
 []


LaTeX Warning: Citation 'engel2017neural' on page 1 undefined on input line 53.



LaTeX Warning: Citation 'mccarthy2020hooligan' on page 1 undefined on input lin
e 53.


LaTeX Warning: Citation 'engel2019gansynth' on page 1 undefined on input line 5
3.


LaTeX Warning: Citation 'engel2017neural' on page 1 undefined on input line 53.



LaTeX Warning: Citation 'madhu2021envgan' on page 1 undefined on input line 53.



LaTeX Warning: Citation '2015piczak' on page 1 undefined on input line 53.


LaTeX Warning: Citation 'adam_roberts_2019_4285266' on page 1 undefined on inpu
t line 53.


LaTeX Warning: Citation 'ILSVRC15' on page 1 undefined on input line 55.


LaTeX Warning: Citation 'radford2015unsupervised' on page 1 undefined on input 
line 55.


LaTeX Warning: Citation 'RothmanBlog' on page 1 undefined on input line 55.


LaTeX Warning: Citation '2019Purwins' on page 1 undefined on input line 55.


LaTeX Warning: Citation 'Briot2017' on page 1 undefined on input line 55.


LaTeX Warning: Citation 'Mordvintsev2015' on page 1 undefined on input line 55.



LaTeX Warning: Citation 'szegedy2014going' on page 1 undefined on input line 55
.


LaTeX Warning: Citation 'Mordvintsev2015' on page 1 undefined on input line 57.



LaTeX Warning: Citation 'YamNet2020' on page 1 undefined on input line 57.

[1{/usr/local/texlive/2021basic/texmf-var/fonts/map/pdftex/updmap/pdftex.map}



 <./license-by-nc.pdf>]

LaTeX Warning: Citation 'Mordvintsev2015' on page 2 undefined on input line 64.



LaTeX Warning: Citation 'DeepDreamTutorial' on page 2 undefined on input line 6
4.


LaTeX Warning: Citation 'szegedy2014going' on page 2 undefined on input line 64
.


LaTeX Warning: Citation 'ILSVRC15' on page 2 undefined on input line 64.


LaTeX Warning: Citation 'Briot2017' on page 2 undefined on input line 64.


Underfull \hbox (badness 10000) in paragraph at lines 64--65
\OT1/ptm/m/n/9 Deep Dream is a project de-scribed in a blog post
 []


LaTeX Warning: Citation 'Briot2017' on page 2 undefined on input line 66.


LaTeX Warning: Citation 'Mordvintsev2015' on page 2 undefined on input line 70.



LaTeX Warning: Citation 'Balke2015' on page 2 undefined on input line 70.


LaTeX Warning: Citation 'Lim1983' on page 2 undefined on input line 70.


LaTeX Warning: Citation 'Stamenovic2016' on page 2 undefined on input line 70.


LaTeX Warning: Citation 'pmlr-v123-herrmann20a' on page 2 undefined on input li
ne 70.


LaTeX Warning: File `img/10-steps-combined-gradients.png' not found on input li
ne 74.


./dreamsound.tex:74: Package pdftex.def Error: File `img/10-steps-combined-grad
ients.png' not found: using draft setting.

See the pdftex.def package documentation for explanation.
Type  H <return>  for immediate help.
 ...                                              
                                                  
l.74 ...mbined-gradients.png,width=1\columnwidth}}
                                                  
Try typing  <return>  to proceed.
If that doesn't work, type  X <return>  to quit.


LaTeX Warning: File `img/imageSpeech-2-49.png' not found on input line 78.


./dreamsound.tex:78: Package pdftex.def Error: File `img/imageSpeech-2-49.png' 
not found: using draft setting.

See the pdftex.def package documentation for explanation.
Type  H <return>  for immediate help.
 ...                                              
                                                  
l.78 ...imageSpeech-2-49.png,width=1\columnwidth}}
                                                  
Try typing  <return>  to proceed.
If that doesn't work, type  X <return>  to quit.


Underfull \vbox (badness 10000) has occurred while \output is active []

 [2]

LaTeX Warning: Citation 'Balke2015' on page 3 undefined on input line 86.


LaTeX Warning: Citation 'Stamenovic2016' on page 3 undefined on input line 86.


LaTeX Warning: Citation 'pmlr-v123-herrmann20a' on page 3 undefined on input li
ne 86.


LaTeX Warning: Citation '2019Purwins' on page 3 undefined on input line 86.


LaTeX Warning: Citation 'Briot2017' on page 3 undefined on input line 86.


Underfull \vbox (badness 10000) has occurred while \output is active []



LaTeX Warning: Citation 'simonyan2014deep' on page 3 undefined on input line 90
.


LaTeX Warning: Citation 'mahendran2014understanding' on page 3 undefined on inp
ut line 90.


LaTeX Warning: Citation 'dosovitskiy2016inverting' on page 3 undefined on input
 line 90.


LaTeX Warning: Citation 'saumitra_mishra_2018_1492527' on page 3 undefined on i
nput line 90.


LaTeX Warning: Citation 'Winters2019' on page 3 undefined on input line 90.


Underfull \hbox (badness 1194) in paragraph at lines 90--91
\OT1/ptm/m/n/9 and per-cep-tu-al-ize deep net-works [[]], there
 []


Underfull \hbox (badness 2478) in paragraph at lines 90--91
\OT1/ptm/m/n/9 ex-ist work on their soni-fi-ca-tion like Her-man's work men-
 []


Underfull \hbox (badness 6220) in paragraph at lines 90--91
\OT1/ptm/m/n/9 a pro-posed so-lu-tion for un-der-stand-ing these ar-chi-tec-tur
es
 []


Underfull \hbox (badness 10000) in paragraph at lines 90--91
\OT1/ptm/m/n/9 [[], []],
 []


Underfull \hbox (badness 1308) in paragraph at lines 90--91
\OT1/ptm/m/n/9 in deep con-vo-lu-tional lay-ers. Win-ters et al [[]]
 []


LaTeX Warning: Citation 'YamNet2020' on page 3 undefined on input line 98.


LaTeX Warning: Citation 'howard2017mobilenets' on page 3 undefined on input lin
e 98.


LaTeX Warning: Citation '2017audioset' on page 3 undefined on input line 98.


Underfull \vbox (badness 1259) has occurred while \output is active []

 [3pdfTeX warning (ext4): destination with the same identifier (name{figure.1})
 has been already used, duplicate ignored
<argument> ...shipout:D \box_use:N \l_shipout_box 
                                                  
l.99 
     ]

LaTeX Warning: Citation 'DeepDreamTutorial' on page 4 undefined on input line 1
02.


LaTeX Warning: Citation 'pmlr-v123-herrmann20a' on page 4 undefined on input li
ne 102.


LaTeX Warning: File `img/output_type-0.png' not found on input line 106.


./dreamsound.tex:106: Package pdftex.def Error: File `img/output_type-0.png' no
t found: using draft setting.

See the pdftex.def package documentation for explanation.
Type  H <return>  for immediate help.
 ...                                              
                                                  
l.106 ...g/output_type-0.png,width=1\columnwidth}}
                                                  
Try typing  <return>  to proceed.
If that doesn't work, type  X <return>  to quit.


LaTeX Warning: File `img/output_type-1.png' not found on input line 110.


./dreamsound.tex:110: Package pdftex.def Error: File `img/output_type-1.png' no
t found: using draft setting.

See the pdftex.def package documentation for explanation.
Type  H <return>  for immediate help.
 ...                                              
                                                  
l.110 ...g/output_type-1.png,width=1\columnwidth}}
                                                  
Try typing  <return>  to proceed.
If that doesn't work, type  X <return>  to quit.


LaTeX Warning: File `img/output_type-2.png' not found on input line 114.


./dreamsound.tex:114: Package pdftex.def Error: File `img/output_type-2.png' no
t found: using draft setting.

See the pdftex.def package documentation for explanation.
Type  H <return>  for immediate help.
 ...                                              
                                                  
l.114 ...g/output_type-2.png,width=1\columnwidth}}
                                                  
Try typing  <return>  to proceed.
If that doesn't work, type  X <return>  to quit.


LaTeX Warning: File `img/output_type-3.png' not found on input line 118.


./dreamsound.tex:118: Package pdftex.def Error: File `img/output_type-3.png' no
t found: using draft setting.

See the pdftex.def package documentation for explanation.
Type  H <return>  for immediate help.
 ...                                              
                                                  
l.118 ...g/output_type-3.png,width=1\columnwidth}}
                                                  
Try typing  <return>  to proceed.
If that doesn't work, type  X <return>  to quit.


Overfull \hbox (1.71002pt too wide) in paragraph at lines 105--121
[]$[]$ $[]$
 []


Overfull \hbox (1.71002pt too wide) in paragraph at lines 105--121
[]$ $[]$
 []


Underfull \vbox (badness 10000) has occurred while \output is active []

Package hyperref Info: bookmark level for unknown lstlisting defaults to 0 on i
nput line 133.
 [4pdfTeX warning (ext4): destination with the same identifier (name{figure.2})
 has been already used, duplicate ignored
<argument> ...shipout:D \box_use:N \l_shipout_box 
                                                  
l.139 # 
        apply the hard-cut filter]

LaTeX Warning: Citation 'GatysEB15a' on page 5 undefined on input line 156.


LaTeX Warning: Citation 'Foote2016' on page 5 undefined on input line 156.


LaTeX Warning: Citation 'Ulyanov2016' on page 5 undefined on input line 156.


LaTeX Warning: Citation 'Wyse2017' on page 5 undefined on input line 156.


LaTeX Warning: Citation 'Briot2017' on page 5 undefined on input line 156.


LaTeX Warning: Citation 'verma2018neural' on page 5 undefined on input line 156
.


./dreamsound.tex:164: Package biblatex Error: '\bibliographystyle' invalid.

See the biblatex package documentation for explanation.
Type  H <return>  for immediate help.
 ...                                              
                                                  
l.164 \bibliographystyle{IEEEtran}
                                  
Use the package option 'style' instead.
I'm ignoring this command.


./dreamsound.tex:165: LaTeX Error: Can be used only in preamble.

See the LaTeX manual or LaTeX Companion for explanation.
Type  H <return>  for immediate help.
 ...                                              
                                                  
l.165 \bibliography
                   {dreamsound}
Your command was ignored.
Type  I <command> <return>  to replace it with another command,
or  <return>  to continue without it.

[5] (out/dreamsound.aux)

LaTeX Warning: There were undefined references.

Package rerunfilecheck Info: File `dreamsound.out' has not changed.
(rerunfilecheck)             Checksum: 50563206B5926CE7445D013AB5BCE6EC;1791.

Package biblatex Warning: Please (re)run Biber on the file:
(biblatex)                dreamsound
(biblatex)                and rerun LaTeX afterwards.

Package logreq Info: Writing requests to 'dreamsound.run.xml'.
\openout1 = `dreamsound.run.xml'.

 ) 
Here is how much of TeX's memory you used:
 18157 strings out of 480445
 300306 string characters out of 5892391
 1066843 words of memory out of 5000000
 35151 multiletter control sequences out of 15000+600000
 424842 words of font info for 69 fonts, out of 8000000 for 9000
 319 hyphenation exceptions out of 8191
 83i,17n,88p,1836b,1926s stack positions out of 5000i,500n,10000p,200000b,80000s
{/usr/local/texlive/2021basic/texmf-dist/fonts/enc/dvips/base/8r.enc}</usr/lo
cal/texlive/2021basic/texmf-dist/fonts/type1/public/amsfonts/cm/cmmi6.pfb></usr
/local/texlive/2021basic/texmf-dist/fonts/type1/public/amsfonts/cm/cmr8.pfb></u
sr/local/texlive/2021basic/texmf-dist/fonts/type1/urw/courier/ucrr8a.pfb></usr/
local/texlive/2021basic/texmf-dist/fonts/type1/urw/times/utmb8a.pfb></usr/local
/texlive/2021basic/texmf-dist/fonts/type1/urw/times/utmr8a.pfb></usr/local/texl
ive/2021basic/texmf-dist/fonts/type1/urw/times/utmri8a.pfb>
Output written on out/dreamsound.pdf (5 pages, 118154 bytes).
PDF statistics:
 174 PDF objects out of 1000 (max. 8388607)
 155 compressed objects within 2 object streams
 43 named destinations out of 1000 (max. 500000)
 102 words of extra memory for PDF output out of 10000 (max. 10000000)

